# JRE version: Java(TM) SE Runtime Environment (7.0_45-b18) (build 1.7.0_45-b18)
# Java VM: Java HotSpot(TM) 64-Bit Server VM (24.45-b08 mixed mode windows-amd64 compressed oops)
Heap
 PSYoungGen      total 103936K, used 100352K [0x00000000eaa80000, 0x00000000f1380000, 0x0000000100000000)
  eden space 100352K, 100% used [0x00000000eaa80000,0x00000000f0c80000,0x00000000f0c80000)
  from space 3584K, 0% used [0x00000000f0c80000,0x00000000f0c80000,0x00000000f1000000)
  to   space 3584K, 0% used [0x00000000f1000000,0x00000000f1000000,0x00000000f1380000)
 ParOldGen       total 116224K, used 115961K [0x00000000c0000000, 0x00000000c7180000, 0x00000000eaa80000)
  object space 116224K, 99% used [0x00000000c0000000,0x00000000c713e7d8,0x00000000c7180000)
 PSPermGen       total 21504K, used 5670K [0x00000000bae00000, 0x00000000bc300000, 0x00000000c0000000)
  object space 21504K, 26% used [0x00000000bae00000,0x00000000bb389b50,0x00000000bc300000)
GC Heap History (10 events):
Event: 38.594 GC heap before
{Heap before GC invocations=8 (full 2):
 PSYoungGen      total 103936K, used 3565K [0x00000000eaa80000, 0x00000000f1380000, 0x0000000100000000)
  eden space 100352K, 0% used [0x00000000eaa80000,0x00000000eaa80000,0x00000000f0c80000)
  from space 3584K, 99% used [0x00000000f1000000,0x00000000f137b780,0x00000000f1380000)
  to   space 3584K, 0% used [0x00000000f0c80000,0x00000000f0c80000,0x00000000f1000000)
 ParOldGen       total 101376K, used 83804K [0x00000000c0000000, 0x00000000c6300000, 0x00000000eaa80000)
  object space 101376K, 82% used [0x00000000c0000000,0x00000000c51d72f0,0x00000000c6300000)
 PSPermGen       total 21504K, used 5660K [0x00000000bae00000, 0x00000000bc300000, 0x00000000c0000000)
  object space 21504K, 26% used [0x00000000bae00000,0x00000000bb387160,0x00000000bc300000)
Event: 38.778 GC heap after
Heap after GC invocations=8 (full 2):
 PSYoungGen      total 103936K, used 0K [0x00000000eaa80000, 0x00000000f1380000, 0x0000000100000000)
  eden space 100352K, 0% used [0x00000000eaa80000,0x00000000eaa80000,0x00000000f0c80000)
  from space 3584K, 0% used [0x00000000f1000000,0x00000000f1000000,0x00000000f1380000)
  to   space 3584K, 0% used [0x00000000f0c80000,0x00000000f0c80000,0x00000000f1000000)
 ParOldGen       total 116224K, used 45698K [0x00000000c0000000, 0x00000000c7180000, 0x00000000eaa80000)
  object space 116224K, 39% used [0x00000000c0000000,0x00000000c2ca0a98,0x00000000c7180000)
 PSPermGen       total 21504K, used 5660K [0x00000000bae00000, 0x00000000bc300000, 0x00000000c0000000)
  object space 21504K, 26% used [0x00000000bae00000,0x00000000bb387100,0x00000000bc300000)
}
Event: 38.959 GC heap before
{Heap before GC invocations=9 (full 2):
 PSYoungGen      total 103936K, used 100352K [0x00000000eaa80000, 0x00000000f1380000, 0x0000000100000000)
  eden space 100352K, 100% used [0x00000000eaa80000,0x00000000f0c80000,0x00000000f0c80000)
  from space 3584K, 0% used [0x00000000f1000000,0x00000000f1000000,0x00000000f1380000)
  to   space 3584K, 0% used [0x00000000f0c80000,0x00000000f0c80000,0x00000000f1000000)
 ParOldGen       total 116224K, used 45698K [0x00000000c0000000, 0x00000000c7180000, 0x00000000eaa80000)
  object space 116224K, 39% used [0x00000000c0000000,0x00000000c2ca0a98,0x00000000c7180000)
 PSPermGen       total 21504K, used 5660K [0x00000000bae00000, 0x00000000bc300000, 0x00000000c0000000)
  object space 21504K, 26% used [0x00000000bae00000,0x00000000bb387100,0x00000000bc300000)
Event: 39.972 GC heap after
Heap after GC invocations=9 (full 2):
 PSYoungGen      total 103936K, used 3577K [0x00000000eaa80000, 0x00000000f1380000, 0x0000000100000000)
  eden space 100352K, 0% used [0x00000000eaa80000,0x00000000eaa80000,0x00000000f0c80000)
  from space 3584K, 99% used [0x00000000f0c80000,0x00000000f0ffe640,0x00000000f1000000)
  to   space 3584K, 0% used [0x00000000f1000000,0x00000000f1000000,0x00000000f1380000)
 ParOldGen       total 116224K, used 82863K [0x00000000c0000000, 0x00000000c7180000, 0x00000000eaa80000)
  object space 116224K, 71% used [0x00000000c0000000,0x00000000c50ebfa0,0x00000000c7180000)
 PSPermGen       total 21504K, used 5660K [0x00000000bae00000, 0x00000000bc300000, 0x00000000c0000000)
  object space 21504K, 26% used [0x00000000bae00000,0x00000000bb387100,0x00000000bc300000)
}
Event: 39.972 GC heap before
{Heap before GC invocations=10 (full 3):
 PSYoungGen      total 103936K, used 3577K [0x00000000eaa80000, 0x00000000f1380000, 0x0000000100000000)
  eden space 100352K, 0% used [0x00000000eaa80000,0x00000000eaa80000,0x00000000f0c80000)
  from space 3584K, 99% used [0x00000000f0c80000,0x00000000f0ffe640,0x00000000f1000000)
  to   space 3584K, 0% used [0x00000000f1000000,0x00000000f1000000,0x00000000f1380000)
 ParOldGen       total 116224K, used 82863K [0x00000000c0000000, 0x00000000c7180000, 0x00000000eaa80000)
  object space 116224K, 71% used [0x00000000c0000000,0x00000000c50ebfa0,0x00000000c7180000)
 PSPermGen       total 21504K, used 5660K [0x00000000bae00000, 0x00000000bc300000, 0x00000000c0000000)
  object space 21504K, 26% used [0x00000000bae00000,0x00000000bb387100,0x00000000bc300000)
Event: 42.217 GC heap after
Heap after GC invocations=10 (full 3):
 PSYoungGen      total 103936K, used 0K [0x00000000eaa80000, 0x00000000f1380000, 0x0000000100000000)
  eden space 100352K, 0% used [0x00000000eaa80000,0x00000000eaa80000,0x00000000f0c80000)
  from space 3584K, 0% used [0x00000000f0c80000,0x00000000f0c80000,0x00000000f1000000)
  to   space 3584K, 0% used [0x00000000f1000000,0x00000000f1000000,0x00000000f1380000)
 ParOldGen       total 116224K, used 83600K [0x00000000c0000000, 0x00000000c7180000, 0x00000000eaa80000)
  object space 116224K, 71% used [0x00000000c0000000,0x00000000c51a4358,0x00000000c7180000)
 PSPermGen       total 21504K, used 5660K [0x00000000bae00000, 0x00000000bc300000, 0x00000000c0000000)
  object space 21504K, 26% used [0x00000000bae00000,0x00000000bb387100,0x00000000bc300000)
}
Event: 42.683 GC heap before
{Heap before GC invocations=11 (full 4):
 PSYoungGen      total 103936K, used 100352K [0x00000000eaa80000, 0x00000000f1380000, 0x0000000100000000)
  eden space 100352K, 100% used [0x00000000eaa80000,0x00000000f0c80000,0x00000000f0c80000)
  from space 3584K, 0% used [0x00000000f0c80000,0x00000000f0c80000,0x00000000f1000000)
  to   space 3584K, 0% used [0x00000000f1000000,0x00000000f1000000,0x00000000f1380000)
 ParOldGen       total 116224K, used 83600K [0x00000000c0000000, 0x00000000c7180000, 0x00000000eaa80000)
  object space 116224K, 71% used [0x00000000c0000000,0x00000000c51a4358,0x00000000c7180000)
 PSPermGen       total 21504K, used 5663K [0x00000000bae00000, 0x00000000bc300000, 0x00000000c0000000)
  object space 21504K, 26% used [0x00000000bae00000,0x00000000bb387d20,0x00000000bc300000)
Event: 44.849 GC heap after
Heap after GC invocations=11 (full 4):
 PSYoungGen      total 103936K, used 0K [0x00000000eaa80000, 0x00000000f1380000, 0x0000000100000000)
  eden space 100352K, 0% used [0x00000000eaa80000,0x00000000eaa80000,0x00000000f0c80000)
  from space 3584K, 0% used [0x00000000f0c80000,0x00000000f0c80000,0x00000000f1000000)
  to   space 3584K, 0% used [0x00000000f1000000,0x00000000f1000000,0x00000000f1380000)
 ParOldGen       total 116224K, used 91694K [0x00000000c0000000, 0x00000000c7180000, 0x00000000eaa80000)
  object space 116224K, 78% used [0x00000000c0000000,0x00000000c598ba00,0x00000000c7180000)
 PSPermGen       total 21504K, used 5663K [0x00000000bae00000, 0x00000000bc300000, 0x00000000c0000000)
  object space 21504K, 26% used [0x00000000bae00000,0x00000000bb387ca0,0x00000000bc300000)
}
Event: 45.325 GC heap before
{Heap before GC invocations=12 (full 5):
 PSYoungGen      total 103936K, used 100352K [0x00000000eaa80000, 0x00000000f1380000, 0x0000000100000000)
  eden space 100352K, 100% used [0x00000000eaa80000,0x00000000f0c80000,0x00000000f0c80000)
  from space 3584K, 0% used [0x00000000f0c80000,0x00000000f0c80000,0x00000000f1000000)
  to   space 3584K, 0% used [0x00000000f1000000,0x00000000f1000000,0x00000000f1380000)
 ParOldGen       total 116224K, used 91694K [0x00000000c0000000, 0x00000000c7180000, 0x00000000eaa80000)
  object space 116224K, 78% used [0x00000000c0000000,0x00000000c598ba00,0x00000000c7180000)
 PSPermGen       total 21504K, used 5666K [0x00000000bae00000, 0x00000000bc300000, 0x00000000c0000000)
  object space 21504K, 26% used [0x00000000bae00000,0x00000000bb388a50,0x00000000bc300000)
Event: 47.460 GC heap after
Heap after GC invocations=12 (full 5):
 PSYoungGen      total 103936K, used 0K [0x00000000eaa80000, 0x00000000f1380000, 0x0000000100000000)
  eden space 100352K, 0% used [0x00000000eaa80000,0x00000000eaa80000,0x00000000f0c80000)
  from space 3584K, 0% used [0x00000000f0c80000,0x00000000f0c80000,0x00000000f1000000)
  to   space 3584K, 0% used [0x00000000f1000000,0x00000000f1000000,0x00000000f1380000)
 ParOldGen       total 116224K, used 87545K [0x00000000c0000000, 0x00000000c7180000, 0x00000000eaa80000)
  object space 116224K, 75% used [0x00000000c0000000,0x00000000c557e638,0x00000000c7180000)
 PSPermGen       total 21504K, used 5666K [0x00000000bae00000, 0x00000000bc300000, 0x00000000c0000000)
  object space 21504K, 26% used [0x00000000bae00000,0x00000000bb388a30,0x00000000bc300000)
}

